{"/Volumes/Extension/projects/politico/V1/routes/party.js":{"path":"/Volumes/Extension/projects/politico/V1/routes/party.js","s":{"1":1,"2":1,"3":1,"4":1,"5":1,"6":2,"7":4,"8":2,"9":1,"10":1,"11":1,"12":1,"13":1,"14":2,"15":2,"16":0,"17":0,"18":2,"19":2,"20":2,"21":1,"22":1,"23":1,"24":1,"25":1,"26":1,"27":1,"28":2,"29":2,"30":2,"31":1,"32":1,"33":1,"34":1,"35":2,"36":2,"37":1,"38":1,"39":1,"40":1,"41":1},"b":{"1":[1,1],"2":[0,2],"3":[1,1],"4":[1,1],"5":[1,1]},"f":{},"fnMap":{},"statementMap":{"1":{"start":{"line":1,"column":0},"end":{"line":1,"column":35}},"2":{"start":{"line":3,"column":0},"end":{"line":3,"column":32}},"3":{"start":{"line":5,"column":0},"end":{"line":5,"column":42}},"4":{"start":{"line":7,"column":0},"end":{"line":18,"column":3}},"5":{"start":{"line":21,"column":0},"end":{"line":40,"column":3}},"6":{"start":{"line":22,"column":2},"end":{"line":22,"column":83}},"7":{"start":{"line":22,"column":42},"end":{"line":22,"column":81}},"8":{"start":{"line":24,"column":2},"end":{"line":34,"column":3}},"9":{"start":{"line":25,"column":4},"end":{"line":25,"column":29}},"10":{"start":{"line":27,"column":4},"end":{"line":32,"column":7}},"11":{"start":{"line":33,"column":4},"end":{"line":33,"column":11}},"12":{"start":{"line":36,"column":2},"end":{"line":39,"column":5}},"13":{"start":{"line":43,"column":0},"end":{"line":75,"column":3}},"14":{"start":{"line":44,"column":2},"end":{"line":46,"column":15}},"15":{"start":{"line":48,"column":2},"end":{"line":54,"column":3}},"16":{"start":{"line":49,"column":4},"end":{"line":52,"column":7}},"17":{"start":{"line":53,"column":4},"end":{"line":53,"column":11}},"18":{"start":{"line":56,"column":2},"end":{"line":56,"column":73}},"19":{"start":{"line":56,"column":34},"end":{"line":56,"column":71}},"20":{"start":{"line":58,"column":2},"end":{"line":69,"column":3}},"21":{"start":{"line":59,"column":4},"end":{"line":59,"column":30}},"22":{"start":{"line":61,"column":4},"end":{"line":67,"column":7}},"23":{"start":{"line":68,"column":4},"end":{"line":68,"column":11}},"24":{"start":{"line":71,"column":2},"end":{"line":74,"column":5}},"25":{"start":{"line":78,"column":0},"end":{"line":83,"column":3}},"26":{"start":{"line":79,"column":2},"end":{"line":82,"column":5}},"27":{"start":{"line":86,"column":0},"end":{"line":101,"column":3}},"28":{"start":{"line":87,"column":2},"end":{"line":87,"column":73}},"29":{"start":{"line":87,"column":34},"end":{"line":87,"column":71}},"30":{"start":{"line":89,"column":2},"end":{"line":95,"column":3}},"31":{"start":{"line":90,"column":4},"end":{"line":93,"column":7}},"32":{"start":{"line":94,"column":4},"end":{"line":94,"column":11}},"33":{"start":{"line":97,"column":2},"end":{"line":100,"column":5}},"34":{"start":{"line":104,"column":0},"end":{"line":131,"column":3}},"35":{"start":{"line":106,"column":2},"end":{"line":111,"column":15}},"36":{"start":{"line":113,"column":2},"end":{"line":119,"column":3}},"37":{"start":{"line":114,"column":4},"end":{"line":117,"column":7}},"38":{"start":{"line":118,"column":4},"end":{"line":118,"column":11}},"39":{"start":{"line":122,"column":2},"end":{"line":122,"column":25}},"40":{"start":{"line":124,"column":2},"end":{"line":130,"column":5}},"41":{"start":{"line":133,"column":0},"end":{"line":133,"column":24}}},"branchMap":{"1":{"line":24,"type":"if","locations":[{"start":{"line":24,"column":2},"end":{"line":24,"column":2}},{"start":{"line":24,"column":2},"end":{"line":24,"column":2}}]},"2":{"line":48,"type":"if","locations":[{"start":{"line":48,"column":2},"end":{"line":48,"column":2}},{"start":{"line":48,"column":2},"end":{"line":48,"column":2}}]},"3":{"line":58,"type":"if","locations":[{"start":{"line":58,"column":2},"end":{"line":58,"column":2}},{"start":{"line":58,"column":2},"end":{"line":58,"column":2}}]},"4":{"line":89,"type":"if","locations":[{"start":{"line":89,"column":2},"end":{"line":89,"column":2}},{"start":{"line":89,"column":2},"end":{"line":89,"column":2}}]},"5":{"line":113,"type":"if","locations":[{"start":{"line":113,"column":2},"end":{"line":113,"column":2}},{"start":{"line":113,"column":2},"end":{"line":113,"column":2}}]}}}}