TN:
SF:/Volumes/Extension/projects/politico/V1/helpers/schema.js
FN:5,schema
FNF:1
FNH:1
FNDA:20,schema
DA:7,20
DA:8,32
DA:9,3
DA:16,17
DA:18,27
DA:19,7
DA:20,0
DA:28,27
DA:29,7
DA:30,0
DA:38,27
DA:39,9
DA:40,1
DA:45,8
DA:49,26
DA:50,4
DA:51,0
DA:59,16
DA:65,1
LF:19
LH:16
BRDA:8,0,0,3
BRDA:8,0,1,29
BRDA:18,1,0,7
BRDA:18,1,1,20
BRDA:19,2,0,0
BRDA:19,2,1,7
BRDA:28,3,0,7
BRDA:28,3,1,20
BRDA:29,4,0,0
BRDA:29,4,1,7
BRDA:38,5,0,9
BRDA:38,5,1,18
BRDA:39,6,0,1
BRDA:39,6,1,8
BRDA:49,7,0,4
BRDA:49,7,1,22
BRDA:50,8,0,0
BRDA:50,8,1,4
BRF:18
BRH:15
end_of_record
TN:
SF:/Volumes/Extension/projects/politico/V1/routes/office.js
FN:9,(anonymous_1)
FN:22,(anonymous_2)
FN:39,(anonymous_3)
FN:47,(anonymous_4)
FNF:4
FNH:4
FNDA:3,(anonymous_1)
FNDA:2,(anonymous_2)
FNDA:1,(anonymous_3)
FNDA:2,(anonymous_4)
DA:1,1
DA:2,1
DA:4,1
DA:6,1
DA:9,1
DA:10,3
DA:14,3
DA:15,1
DA:19,1
DA:22,2
DA:24,2
DA:25,2
DA:29,2
DA:32,0
DA:39,1
DA:40,1
DA:47,1
DA:48,2
DA:53,2
DA:54,1
DA:58,1
DA:61,1
DA:63,1
DA:65,1
DA:67,1
LF:25
LH:24
BRDA:14,0,0,1
BRDA:14,0,1,2
BRDA:24,1,0,2
BRDA:24,1,1,0
BRDA:53,2,0,1
BRDA:53,2,1,1
BRF:6
BRH:5
end_of_record
TN:
SF:/Volumes/Extension/projects/politico/V1/routes/party.js
FN:20,(anonymous_1)
FN:33,(anonymous_2)
FN:54,(anonymous_3)
FN:67,(anonymous_4)
FN:89,(anonymous_5)
FN:97,(anonymous_6)
FN:98,(anonymous_7)
FN:115,(anonymous_8)
FNF:8
FNH:8
FNDA:3,(anonymous_1)
FNDA:3,(anonymous_2)
FNDA:3,(anonymous_3)
FNDA:5,(anonymous_4)
FNDA:1,(anonymous_5)
FNDA:2,(anonymous_6)
FNDA:3,(anonymous_7)
FNDA:2,(anonymous_8)
DA:1,1
DA:2,1
DA:4,1
DA:6,1
DA:20,1
DA:21,3
DA:25,3
DA:26,1
DA:30,1
DA:33,3
DA:35,2
DA:36,1
DA:38,1
DA:44,1
DA:47,1
DA:54,1
DA:55,3
DA:59,3
DA:60,0
DA:64,0
DA:67,5
DA:69,3
DA:70,1
DA:72,1
DA:79,1
DA:82,2
DA:89,1
DA:90,1
DA:97,1
DA:98,3
DA:100,2
DA:101,1
DA:105,1
DA:108,1
DA:115,1
DA:117,2
DA:123,2
DA:124,1
DA:128,1
DA:132,1
DA:134,1
DA:136,1
DA:138,1
LF:43
LH:41
BRDA:25,0,0,1
BRDA:25,0,1,2
BRDA:35,1,0,1
BRDA:35,1,1,1
BRDA:59,2,0,0
BRDA:59,2,1,3
BRDA:69,3,0,1
BRDA:69,3,1,2
BRDA:100,4,0,1
BRDA:100,4,1,1
BRDA:123,5,0,1
BRDA:123,5,1,1
BRF:12
BRH:11
end_of_record
