TN:
SF:/Volumes/Extension/projects/politico/V1/routes/office.js
FN:9,(anonymous_1)
FN:12,(anonymous_2)
FN:27,(anonymous_3)
FN:35,(anonymous_4)
FNF:4
FNH:4
FNDA:2,(anonymous_1)
FNDA:2,(anonymous_2)
FNDA:1,(anonymous_3)
FNDA:2,(anonymous_4)
DA:1,1
DA:2,1
DA:4,1
DA:6,1
DA:9,1
DA:10,2
DA:12,2
DA:13,2
DA:14,0
DA:18,2
DA:19,2
DA:27,1
DA:28,1
DA:35,1
DA:36,2
DA:42,2
DA:43,1
DA:47,1
DA:50,1
DA:52,1
DA:58,1
LF:21
LH:20
BRDA:13,0,0,0
BRDA:13,0,1,2
BRDA:18,1,0,2
BRDA:18,1,1,0
BRDA:42,2,0,1
BRDA:42,2,1,1
BRF:6
BRH:4
end_of_record
TN:
SF:/Volumes/Extension/projects/politico/V1/routes/party.js
FN:20,(anonymous_1)
FN:21,(anonymous_2)
FN:42,(anonymous_3)
FN:55,(anonymous_4)
FN:77,(anonymous_5)
FN:85,(anonymous_6)
FN:86,(anonymous_7)
FN:103,(anonymous_8)
FNF:8
FNH:8
FNDA:2,(anonymous_1)
FNDA:3,(anonymous_2)
FNDA:2,(anonymous_3)
FNDA:3,(anonymous_4)
FNDA:1,(anonymous_5)
FNDA:2,(anonymous_6)
FNDA:3,(anonymous_7)
FNDA:2,(anonymous_8)
DA:1,1
DA:2,1
DA:4,1
DA:6,1
DA:20,1
DA:21,3
DA:23,2
DA:24,1
DA:26,1
DA:32,1
DA:35,1
DA:42,1
DA:43,2
DA:47,2
DA:48,0
DA:52,0
DA:55,3
DA:57,2
DA:58,1
DA:60,1
DA:67,1
DA:70,1
DA:77,1
DA:78,1
DA:85,1
DA:86,3
DA:88,2
DA:89,1
DA:93,1
DA:96,1
DA:103,1
DA:105,2
DA:112,2
DA:113,1
DA:117,1
DA:121,1
DA:123,1
DA:132,1
LF:38
LH:36
BRDA:23,0,0,1
BRDA:23,0,1,1
BRDA:47,1,0,0
BRDA:47,1,1,2
BRDA:57,2,0,1
BRDA:57,2,1,1
BRDA:88,3,0,1
BRDA:88,3,1,1
BRDA:112,4,0,1
BRDA:112,4,1,1
BRF:10
BRH:9
end_of_record
TN:
SF:/Volumes/Extension/projects/politico/V1/utils/schema.js
FN:4,schema
FNF:1
FNH:1
FNDA:13,schema
DA:6,13
DA:7,28
DA:8,1
DA:15,12
DA:17,24
DA:18,7
DA:19,0
DA:27,24
DA:28,10
DA:29,1
DA:37,23
DA:38,7
DA:39,0
DA:47,11
DA:53,1
LF:15
LH:13
BRDA:7,0,0,1
BRDA:7,0,1,27
BRDA:17,1,0,7
BRDA:17,1,1,17
BRDA:18,2,0,0
BRDA:18,2,1,7
BRDA:27,3,0,10
BRDA:27,3,1,14
BRDA:28,4,0,1
BRDA:28,4,1,9
BRDA:37,5,0,7
BRDA:37,5,1,16
BRDA:38,6,0,0
BRDA:38,6,1,7
BRF:14
BRH:12
end_of_record
